<?xml version="1.0" encoding="UTF-8"?>
<!-- Generated by org.testng.reporters.JUnitReportReporter -->
<testsuite hostname="BadLand" failures="0" tests="1" name="Appium_Project.Calculator_Project_1" time="56.350" errors="0" timestamp="2023-09-14T11:47:21 IST" skipped="0">
  <testcase classname="Appium_Project.Calculator_Project_1" name="openCalculator" time="56.350"/>
  <system-out/>
</testsuite> <!-- Appium_Project.Calculator_Project_1 -->
