<?xml version="1.0" encoding="UTF-8"?>
<!-- Generated by org.testng.reporters.JUnitReportReporter -->
<testsuite hostname="BadLand" failures="0" tests="1" name="com.AppiumDemo.Long_Press_Demo" time="26.547" errors="0" timestamp="2023-09-08T14:15:32 IST" skipped="0">
  <testcase classname="com.AppiumDemo.Long_Press_Demo" name="Long_Press" time="26.547"/>
  <system-out/>
</testsuite> <!-- com.AppiumDemo.Long_Press_Demo -->
