<?xml version="1.0" encoding="UTF-8"?>
<!-- Generated by org.testng.reporters.JUnitReportReporter -->
<testsuite hostname="BadLand" failures="0" tests="2" name="com.AppiumDemo.Swip_Demo_ApiDemo" time="35.447" errors="0" timestamp="2023-09-11T14:41:46 IST" skipped="0">
  <testcase classname="com.AppiumDemo.Swip_Demo_ApiDemo" name="scrollToEndAction" time="8.575"/>
  <system-out/>
  <testcase classname="com.AppiumDemo.Swip_Demo_ApiDemo" name="SwipDemo" time="26.872"/>
  <system-out/>
</testsuite> <!-- com.AppiumDemo.Swip_Demo_ApiDemo -->
