<?xml version="1.0" encoding="UTF-8"?>
<!-- Generated by org.testng.reporters.JUnitReportReporter -->
<testsuite hostname="BadLand" failures="0" tests="1" name="com.AppiumDemo.General_Store_Demo" time="50.695" errors="0" timestamp="2023-09-11T13:57:17 IST" skipped="0">
  <testcase classname="com.AppiumDemo.General_Store_Demo" name="General_Store" time="50.695"/>
  <system-out/>
</testsuite> <!-- com.AppiumDemo.General_Store_Demo -->
