<?xml version="1.0" encoding="UTF-8"?>
<!-- Generated by org.testng.reporters.JUnitReportReporter -->
<testsuite hostname="BadLand" failures="0" tests="1" name="com.AppiumDemo.BaseTest" time="7.848" errors="0" timestamp="2023-09-15T13:57:38 IST" skipped="0">
  <testcase classname="com.AppiumDemo.BaseTest" name="tearDown" time="7.848"/>
  <system-out/>
</testsuite> <!-- com.AppiumDemo.BaseTest -->
