<?xml version="1.0" encoding="UTF-8"?>
<!-- Generated by org.testng.reporters.JUnitReportReporter -->
<testsuite hostname="BadLand" failures="0" tests="1" name="Appium_Project.Base_Test" time="7.698" errors="0" timestamp="2023-09-14T11:38:52 IST" skipped="0">
  <testcase classname="Appium_Project.Base_Test" name="appiumConfigure" time="7.698"/>
  <system-out/>
</testsuite> <!-- Appium_Project.Base_Test -->
