<?xml version="1.0" encoding="UTF-8"?>
<!-- Generated by org.testng.reporters.JUnitReportReporter -->
<testsuite hostname="BadLand" failures="0" tests="2" name="com.AppiumDemo.Drag_And_Drop" time="26.116" errors="0" timestamp="2023-09-15T14:15:27 IST" skipped="0">
  <testcase classname="com.AppiumDemo.Drag_And_Drop" name="test" time="7.292"/>
  <system-out/>
  <testcase classname="com.AppiumDemo.Drag_And_Drop" name="dragdrop" time="18.824"/>
  <system-out/>
</testsuite> <!-- com.AppiumDemo.Drag_And_Drop -->
