<?xml version="1.0" encoding="UTF-8"?>
<!-- Generated by org.testng.reporters.JUnitReportReporter -->
<testsuite hostname="BadLand" failures="0" tests="2" name="com.AppiumDemo.ApiDemo_Scroll" time="30.625" errors="0" timestamp="2023-09-11T14:19:45 IST" skipped="0">
  <testcase classname="com.AppiumDemo.ApiDemo_Scroll" name="scrollToEndAction" time="8.201"/>
  <system-out/>
  <testcase classname="com.AppiumDemo.ApiDemo_Scroll" name="ScrollableDemo" time="22.424"/>
  <system-out/>
</testsuite> <!-- com.AppiumDemo.ApiDemo_Scroll -->
